<?xml version="1.0" encoding="UTF-8"?>
<testsuite name="com.example.guestbook.GuestbookApplicationTests" tests="1" skipped="0" failures="0" errors="0" timestamp="2023-11-13T10:42:01" hostname="gimseongmin-ui-MacBookPro.local" time="0.047">
  <properties/>
  <testcase name="contextLoads()" classname="com.example.guestbook.GuestbookApplicationTests" time="0.047"/>
  <system-out><![CDATA[19:41:59.523 [Test worker] DEBUG org.springframework.test.context.BootstrapUtils - Instantiating CacheAwareContextLoaderDelegate from class [org.springframework.test.context.cache.DefaultCacheAwareContextLoaderDelegate]
19:41:59.528 [Test worker] DEBUG org.springframework.test.context.BootstrapUtils - Instantiating BootstrapContext using constructor [public org.springframework.test.context.support.DefaultBootstrapContext(java.lang.Class,org.springframework.test.context.CacheAwareContextLoaderDelegate)]
19:41:59.541 [Test worker] DEBUG org.springframework.test.context.BootstrapUtils - Instantiating TestContextBootstrapper for test class [com.example.guestbook.GuestbookApplicationTests] from class [org.springframework.boot.test.context.SpringBootTestContextBootstrapper]
19:41:59.546 [Test worker] INFO org.springframework.boot.test.context.SpringBootTestContextBootstrapper - Neither @ContextConfiguration nor @ContextHierarchy found for test class [com.example.guestbook.GuestbookApplicationTests], using SpringBootContextLoader
19:41:59.548 [Test worker] DEBUG org.springframework.test.context.support.AbstractContextLoader - Did not detect default resource location for test class [com.example.guestbook.GuestbookApplicationTests]: class path resource [com/example/guestbook/GuestbookApplicationTests-context.xml] does not exist
19:41:59.548 [Test worker] DEBUG org.springframework.test.context.support.AbstractContextLoader - Did not detect default resource location for test class [com.example.guestbook.GuestbookApplicationTests]: class path resource [com/example/guestbook/GuestbookApplicationTestsContext.groovy] does not exist
19:41:59.548 [Test worker] INFO org.springframework.test.context.support.AbstractContextLoader - Could not detect default resource locations for test class [com.example.guestbook.GuestbookApplicationTests]: no resource found for suffixes {-context.xml, Context.groovy}.
19:41:59.548 [Test worker] INFO org.springframework.test.context.support.AnnotationConfigContextLoaderUtils - Could not detect default configuration classes for test class [com.example.guestbook.GuestbookApplicationTests]: GuestbookApplicationTests does not declare any static, non-private, non-final, nested classes annotated with @Configuration.
19:41:59.563 [Test worker] DEBUG org.springframework.test.context.support.ActiveProfilesUtils - Could not find an 'annotation declaring class' for annotation type [org.springframework.test.context.ActiveProfiles] and class [com.example.guestbook.GuestbookApplicationTests]
19:41:59.587 [Test worker] DEBUG org.springframework.context.annotation.ClassPathScanningCandidateComponentProvider - Identified candidate component class: file [/Users/sungminkim/Desktop/guestbook/build/classes/java/main/com/example/guestbook/GuestbookApplication.class]
19:41:59.588 [Test worker] INFO org.springframework.boot.test.context.SpringBootTestContextBootstrapper - Found @SpringBootConfiguration com.example.guestbook.GuestbookApplication for test class com.example.guestbook.GuestbookApplicationTests
19:41:59.627 [Test worker] DEBUG org.springframework.boot.test.context.SpringBootTestContextBootstrapper - @TestExecutionListeners is not present for class [com.example.guestbook.GuestbookApplicationTests]: using defaults.
19:41:59.628 [Test worker] INFO org.springframework.boot.test.context.SpringBootTestContextBootstrapper - Loaded default TestExecutionListener class names from location [META-INF/spring.factories]: [org.springframework.boot.test.autoconfigure.restdocs.RestDocsTestExecutionListener, org.springframework.boot.test.autoconfigure.web.client.MockRestServiceServerResetTestExecutionListener, org.springframework.boot.test.autoconfigure.web.servlet.MockMvcPrintOnlyOnFailureTestExecutionListener, org.springframework.boot.test.autoconfigure.web.servlet.WebDriverTestExecutionListener, org.springframework.boot.test.autoconfigure.webservices.client.MockWebServiceServerTestExecutionListener, org.springframework.boot.test.mock.mockito.MockitoTestExecutionListener, org.springframework.boot.test.mock.mockito.ResetMocksTestExecutionListener, org.springframework.test.context.web.ServletTestExecutionListener, org.springframework.test.context.support.DirtiesContextBeforeModesTestExecutionListener, org.springframework.test.context.event.ApplicationEventsTestExecutionListener, org.springframework.test.context.support.DependencyInjectionTestExecutionListener, org.springframework.test.context.support.DirtiesContextTestExecutionListener, org.springframework.test.context.transaction.TransactionalTestExecutionListener, org.springframework.test.context.jdbc.SqlScriptsTestExecutionListener, org.springframework.test.context.event.EventPublishingTestExecutionListener]
19:41:59.635 [Test worker] INFO org.springframework.boot.test.context.SpringBootTestContextBootstrapper - Using TestExecutionListeners: [org.springframework.test.context.web.ServletTestExecutionListener@d8305c2, org.springframework.test.context.support.DirtiesContextBeforeModesTestExecutionListener@56bca85b, org.springframework.test.context.event.ApplicationEventsTestExecutionListener@75d0911a, org.springframework.boot.test.mock.mockito.MockitoTestExecutionListener@75e91545, org.springframework.boot.test.autoconfigure.SpringBootDependencyInjectionTestExecutionListener@60d1a32f, org.springframework.test.context.support.DirtiesContextTestExecutionListener@531c311e, org.springframework.test.context.transaction.TransactionalTestExecutionListener@22b53226, org.springframework.test.context.jdbc.SqlScriptsTestExecutionListener@1fcb4808, org.springframework.test.context.event.EventPublishingTestExecutionListener@726e5805, org.springframework.boot.test.autoconfigure.restdocs.RestDocsTestExecutionListener@40c80397, org.springframework.boot.test.autoconfigure.web.client.MockRestServiceServerResetTestExecutionListener@4b672daa, org.springframework.boot.test.autoconfigure.web.servlet.MockMvcPrintOnlyOnFailureTestExecutionListener@ea9b7c6, org.springframework.boot.test.autoconfigure.web.servlet.WebDriverTestExecutionListener@e077866, org.springframework.boot.test.autoconfigure.webservices.client.MockWebServiceServerTestExecutionListener@ed3068a, org.springframework.boot.test.mock.mockito.ResetMocksTestExecutionListener@7c2b6087]
19:41:59.636 [Test worker] DEBUG org.springframework.test.context.support.AbstractDirtiesContextTestExecutionListener - Before test class: context [DefaultTestContext@41813449 testClass = GuestbookApplicationTests, testInstance = [null], testMethod = [null], testException = [null], mergedContextConfiguration = [WebMergedContextConfiguration@4678a2eb testClass = GuestbookApplicationTests, locations = '{}', classes = '{class com.example.guestbook.GuestbookApplication}', contextInitializerClasses = '[]', activeProfiles = '{}', propertySourceLocations = '{}', propertySourceProperties = '{org.springframework.boot.test.context.SpringBootTestContextBootstrapper=true}', contextCustomizers = set[org.springframework.boot.test.autoconfigure.actuate.metrics.MetricsExportContextCustomizerFactory$DisableMetricExportContextCustomizer@5454d35e, org.springframework.boot.test.autoconfigure.properties.PropertyMappingContextCustomizer@0, org.springframework.boot.test.autoconfigure.web.servlet.WebDriverContextCustomizerFactory$Customizer@7393222f, org.springframework.boot.test.context.filter.ExcludeFilterContextCustomizer@3688eb5b, org.springframework.boot.test.json.DuplicateJsonObjectContextCustomizerFactory$DuplicateJsonObjectContextCustomizer@457c9034, org.springframework.boot.test.mock.mockito.MockitoContextCustomizer@0, org.springframework.boot.test.web.client.TestRestTemplateContextCustomizer@36060e, org.springframework.boot.test.context.SpringBootTestArgs@1, org.springframework.boot.test.context.SpringBootTestWebEnvironment@e4487af], resourceBasePath = 'src/main/webapp', contextLoader = 'org.springframework.boot.test.context.SpringBootContextLoader', parent = [null]], attributes = map['org.springframework.test.context.web.ServletTestExecutionListener.activateListener' -> true]], class annotated with @DirtiesContext [false] with mode [null].
19:41:59.650 [Test worker] DEBUG org.springframework.test.context.support.TestPropertySourceUtils - Adding inlined properties to environment: {spring.jmx.enabled=false, org.springframework.boot.test.context.SpringBootTestContextBootstrapper=true}

  .   ____          _            __ _ _
 /\\ / ___'_ __ _ _(_)_ __  __ _ \ \ \ \
( ( )\___ | '_ | '_| | '_ \/ _` | \ \ \ \
 \\/  ___)| |_)| | | | | || (_| |  ) ) ) )
  '  |____| .__|_| |_|_| |_\__, | / / / /
 =========|_|==============|___/=/_/_/_/
 :: Spring Boot ::                (v2.5.4)

2023-11-13 19:41:59.768  INFO 9523 --- [    Test worker] c.e.guestbook.GuestbookApplicationTests  : Starting GuestbookApplicationTests using Java 21.0.1 on gimseongmin-ui-MacBookPro.local with PID 9523 (started by sungminkim in /Users/sungminkim/Desktop/guestbook)
2023-11-13 19:41:59.769  INFO 9523 --- [    Test worker] c.e.guestbook.GuestbookApplicationTests  : No active profile set, falling back to default profiles: default
2023-11-13 19:41:59.999  INFO 9523 --- [    Test worker] .s.d.r.c.RepositoryConfigurationDelegate : Bootstrapping Spring Data JPA repositories in DEFAULT mode.
2023-11-13 19:42:00.020  INFO 9523 --- [    Test worker] .s.d.r.c.RepositoryConfigurationDelegate : Finished Spring Data repository scanning in 17 ms. Found 1 JPA repository interfaces.
2023-11-13 19:42:00.251  INFO 9523 --- [    Test worker] o.hibernate.jpa.internal.util.LogHelper  : HHH000204: Processing PersistenceUnitInfo [name: default]
2023-11-13 19:42:00.275  INFO 9523 --- [    Test worker] org.hibernate.Version                    : HHH000412: Hibernate ORM core version 5.4.32.Final
2023-11-13 19:42:00.337  INFO 9523 --- [    Test worker] o.hibernate.annotations.common.Version   : HCANN000001: Hibernate Commons Annotations {5.1.2.Final}
2023-11-13 19:42:00.378  INFO 9523 --- [    Test worker] com.zaxxer.hikari.HikariDataSource       : HikariPool-1 - Starting...
2023-11-13 19:42:00.515  INFO 9523 --- [    Test worker] com.zaxxer.hikari.HikariDataSource       : HikariPool-1 - Start completed.
2023-11-13 19:42:00.528  INFO 9523 --- [    Test worker] org.hibernate.dialect.Dialect            : HHH000400: Using dialect: org.hibernate.dialect.MySQL8Dialect
2023-11-13 19:42:00.804  INFO 9523 --- [    Test worker] o.h.e.t.j.p.i.JtaPlatformInitiator       : HHH000490: Using JtaPlatform implementation: [org.hibernate.engine.transaction.jta.platform.internal.NoJtaPlatform]
2023-11-13 19:42:00.807  INFO 9523 --- [    Test worker] j.LocalContainerEntityManagerFactoryBean : Initialized JPA EntityManagerFactory for persistence unit 'default'
2023-11-13 19:42:00.988  WARN 9523 --- [    Test worker] JpaBaseConfiguration$JpaWebConfiguration : spring.jpa.open-in-view is enabled by default. Therefore, database queries may be performed during view rendering. Explicitly configure spring.jpa.open-in-view to disable this warning
2023-11-13 19:42:01.172  INFO 9523 --- [    Test worker] c.e.guestbook.GuestbookApplicationTests  : Started GuestbookApplicationTests in 1.519 seconds (JVM running for 1.995)
]]></system-out>
  <system-err><![CDATA[]]></system-err>
</testsuite>
